"../../../Engine/Content/EngineMaterials/T_Default_Material_Grid_M.ubulk" 0
"../../../Engine/Content/EngineMaterials/T_Default_Material_Grid_M.uasset" 1
"../../../Engine/Content/EngineMaterials/T_Default_Material_Grid_M.uexp" 2
"../../../Engine/Content/EngineMaterials/T_Default_Material_Grid_N.ubulk" 3
"../../../Engine/Content/EngineMaterials/T_Default_Material_Grid_N.uasset" 4
"../../../Engine/Content/EngineMaterials/T_Default_Material_Grid_N.uexp" 5
"../../../Engine/Content/Functions/Engine_MaterialFunctions01/Opacity/CameraDepthFade.uasset" 6
"../../../Engine/Content/Functions/Engine_MaterialFunctions01/Opacity/CameraDepthFade.uexp" 7
"../../../Engine/Content/EngineMaterials/DefaultMaterial.uasset" 8
"../../../Engine/Content/EngineMaterials/DefaultMaterial.uexp" 9
"../../../Engine/Content/BasicShapes/Cylinder.ubulk" 10
"../../../Engine/Content/BasicShapes/Cylinder.uasset" 11
"../../../Engine/Content/BasicShapes/Cylinder.uexp" 12
"../../../Engine/Content/TemplateResources/M_Template_Master.uasset" 13
"../../../Engine/Content/TemplateResources/M_Template_Master.uexp" 14
"../../../Engine/Content/TemplateResources/MI_Template_BaseGray_Metal.uasset" 15
"../../../Engine/Content/TemplateResources/MI_Template_BaseGray_Metal.uexp" 16
"../../../Engine/Content/BasicShapes/Cone.ubulk" 17
"../../../Engine/Content/BasicShapes/Cone.uasset" 18
"../../../Engine/Content/BasicShapes/Cone.uexp" 19
"../../../Engine/Content/EngineMaterials/WorldGridMaterial.uasset" 20
"../../../Engine/Content/EngineMaterials/WorldGridMaterial.uexp" 21
"../../../Engine/Content/ArtTools/RenderToTexture/Meshes/S_1_Unit_Plane.ubulk" 22
"../../../Engine/Content/ArtTools/RenderToTexture/Meshes/S_1_Unit_Plane.uasset" 23
"../../../Engine/Content/ArtTools/RenderToTexture/Meshes/S_1_Unit_Plane.uexp" 24
"../../../Engine/Content/EditorLandscapeResources/DefaultAlphaTexture.uasset" 25
"../../../Engine/Content/EditorLandscapeResources/DefaultAlphaTexture.uexp" 26
"../../../Engine/Content/EditorLandscapeResources/DataLayer.uasset" 27
"../../../Engine/Content/EditorLandscapeResources/DataLayer.uexp" 28
"../../../Engine/Content/EditorMaterials/PreviewShadowIndicator.ubulk" 29
"../../../Engine/Content/EditorMaterials/PreviewShadowIndicator.uasset" 30
"../../../Engine/Content/EditorMaterials/PreviewShadowIndicator.uexp" 31
"../../../Engine/Content/EditorMaterials/PreviewShadowIndicatorMaterial.uasset" 32
"../../../Engine/Content/EditorMaterials/PreviewShadowIndicatorMaterial.uexp" 33
"../../../Engine/Content/EditorMaterials/MAT_Groups_Visibility.uasset" 34
"../../../Engine/Content/EditorMaterials/MAT_Groups_Visibility.uexp" 35
"../../../Engine/Content/EditorMaterials/MAT_Groups_Toggle.uasset" 36
"../../../Engine/Content/EditorMaterials/MAT_Groups_Toggle.uexp" 37
"../../../Engine/Content/EditorMaterials/MatineeGroups/MAT_Groups_Vector.uasset" 38
"../../../Engine/Content/EditorMaterials/MatineeGroups/MAT_Groups_Vector.uexp" 39
"../../../Engine/Content/EditorMaterials/MatineeGroups/MAT_Groups_Sound.uasset" 40
"../../../Engine/Content/EditorMaterials/MatineeGroups/MAT_Groups_Sound.uexp" 41
"../../../Engine/Content/EditorMaterials/MatineeGroups/MAT_Groups_Slomo.uasset" 42
"../../../Engine/Content/EditorMaterials/MatineeGroups/MAT_Groups_Slomo.uexp" 43
"../../../Engine/Content/EditorMaterials/MatineeGroups/MAT_Groups_Move.uasset" 44
"../../../Engine/Content/EditorMaterials/MatineeGroups/MAT_Groups_Move.uexp" 45
"../../../Engine/Content/EditorMaterials/ParticleSystems/PSysThumbnail_OOD.ubulk" 46
"../../../Engine/Content/EditorMaterials/ParticleSystems/PSysThumbnail_OOD.uasset" 47
"../../../Engine/Content/EditorMaterials/ParticleSystems/PSysThumbnail_OOD.uexp" 48
"../../../Engine/Content/EditorMaterials/ParticleSystems/PSysThumbnail_NoImage.ubulk" 49
"../../../Engine/Content/EditorMaterials/ParticleSystems/PSysThumbnail_NoImage.uasset" 50
"../../../Engine/Content/EditorMaterials/ParticleSystems/PSysThumbnail_NoImage.uexp" 51
"../../../Engine/Content/EditorMaterials/MatineeGroups/MAT_Groups_Float.uasset" 52
"../../../Engine/Content/EditorMaterials/MatineeGroups/MAT_Groups_Float.uexp" 53
"../../../Engine/Content/EditorMaterials/MatineeGroups/MAT_Groups_Fade.uasset" 54
"../../../Engine/Content/EditorMaterials/MatineeGroups/MAT_Groups_Fade.uexp" 55
"../../../Engine/Content/EditorMaterials/MatineeGroups/MAT_Groups_Event.uasset" 56
"../../../Engine/Content/EditorMaterials/MatineeGroups/MAT_Groups_Event.uexp" 57
"../../../Engine/Content/EditorMaterials/MatineeGroups/MAT_Groups_Director.uasset" 58
"../../../Engine/Content/EditorMaterials/MatineeGroups/MAT_Groups_Director.uexp" 59
"../../../Engine/Content/EditorMaterials/MatineeGroups/MAT_Groups_AudioMaster.uasset" 60
"../../../Engine/Content/EditorMaterials/MatineeGroups/MAT_Groups_AudioMaster.uexp" 61
"../../../Engine/Content/EditorMaterials/MatineeGroups/MAT_Groups_Anim.uasset" 62
"../../../Engine/Content/EditorMaterials/MatineeGroups/MAT_Groups_Anim.uexp" 63
"../../../Engine/Content/EditorMaterials/MatineeGroups/MAT_ColorTrack.uasset" 64
"../../../Engine/Content/EditorMaterials/MatineeGroups/MAT_ColorTrack.uexp" 65
"../../../Engine/Content/Functions/Engine_MaterialFunctions02/Utility/MakeFloat4.uasset" 66
"../../../Engine/Content/Functions/Engine_MaterialFunctions02/Utility/MakeFloat4.uexp" 67
"../../../Engine/Content/Functions/Engine_MaterialFunctions02/Utility/MakeFloat3.uasset" 68
"../../../Engine/Content/Functions/Engine_MaterialFunctions02/Utility/MakeFloat3.uexp" 69
"../../../Engine/Content/Functions/Engine_MaterialFunctions02/Utility/BreakOutFloat3Components.uasset" 70
"../../../Engine/Content/Functions/Engine_MaterialFunctions02/Utility/BreakOutFloat3Components.uexp" 71
"../../../Engine/Content/EditorMaterials/WorldPartition/WorldPartitionSpatialHashGridPreviewMaterial.uasset" 72
"../../../Engine/Content/EditorMaterials/WorldPartition/WorldPartitionSpatialHashGridPreviewMaterial.uexp" 73
"../../../Engine/Content/EditorMaterials/Camera/CineMat.uasset" 74
"../../../Engine/Content/EditorMaterials/Camera/CineMat.uexp" 75
"../../../Engine/Content/EditorMaterials/Camera/MI_CineMat_Rig.uasset" 76
"../../../Engine/Content/EditorMaterials/Camera/MI_CineMat_Rig.uexp" 77
"../../../Engine/Content/EditorMeshes/Camera/SM_RailRig_Track.ubulk" 78
"../../../Engine/Content/EditorMeshes/Camera/SM_RailRig_Track.uasset" 79
"../../../Engine/Content/EditorMeshes/Camera/SM_RailRig_Track.uexp" 80
"../../../Engine/Content/EditorMeshes/Camera/SM_RailRig_Mount.ubulk" 81
"../../../Engine/Content/EditorMeshes/Camera/SM_RailRig_Mount.uasset" 82
"../../../Engine/Content/EditorMeshes/Camera/SM_RailRig_Mount.uexp" 83
"../../../Engine/Content/EditorMeshes/Camera/SM_CraneRig_Mount.ubulk" 84
"../../../Engine/Content/EditorMeshes/Camera/SM_CraneRig_Mount.uasset" 85
"../../../Engine/Content/EditorMeshes/Camera/SM_CraneRig_Mount.uexp" 86
"../../../Engine/Content/EditorMeshes/Camera/SM_CraneRig_Body.ubulk" 87
"../../../Engine/Content/EditorMeshes/Camera/SM_CraneRig_Body.uasset" 88
"../../../Engine/Content/EditorMeshes/Camera/SM_CraneRig_Body.uexp" 89
"../../../Engine/Content/EditorMeshes/Camera/SM_CraneRig_Base.ubulk" 90
"../../../Engine/Content/EditorMeshes/Camera/SM_CraneRig_Base.uasset" 91
"../../../Engine/Content/EditorMeshes/Camera/SM_CraneRig_Base.uexp" 92
"../../../Engine/Content/EditorMeshes/Camera/SM_CraneRig_Arm.ubulk" 93
"../../../Engine/Content/EditorMeshes/Camera/SM_CraneRig_Arm.uasset" 94
"../../../Engine/Content/EditorMeshes/Camera/SM_CraneRig_Arm.uexp" 95
"../../../Engine/Content/EditorResources/S_TriggerSphere.uasset" 96
"../../../Engine/Content/EditorResources/S_TriggerSphere.uexp" 97
"../../../Engine/Content/EditorResources/S_TriggerCapsule.uasset" 98
"../../../Engine/Content/EditorResources/S_TriggerCapsule.uexp" 99
"../../../Engine/Content/EditorResources/S_TriggerBox.uasset" 100
"../../../Engine/Content/EditorResources/S_TriggerBox.uexp" 101
"../../../Engine/Content/EditorResources/S_Trigger.ubulk" 102
"../../../Engine/Content/EditorResources/S_Trigger.uasset" 103
"../../../Engine/Content/EditorResources/S_Trigger.uexp" 104
"../../../Engine/Content/EditorResources/S_Terrain.ubulk" 105
"../../../Engine/Content/EditorResources/S_Terrain.uasset" 106
"../../../Engine/Content/EditorResources/S_Terrain.uexp" 107
"../../../Engine/Content/EditorResources/S_Solver.ubulk" 108
"../../../Engine/Content/EditorResources/S_Solver.uasset" 109
"../../../Engine/Content/EditorResources/S_Solver.uexp" 110
"../../../Engine/Content/EditorResources/S_BoxReflectionCapture.uasset" 111
"../../../Engine/Content/EditorResources/S_BoxReflectionCapture.uexp" 112
"../../../Engine/Content/EditorResources/S_Actor.ubulk" 113
"../../../Engine/Content/EditorResources/S_Actor.uasset" 114
"../../../Engine/Content/EditorResources/S_Actor.uexp" 115
"../../../Engine/Content/EditorResources/EmptyActor.uasset" 116
"../../../Engine/Content/EditorResources/EmptyActor.uexp" 117
"../../../Engine/Content/EditorResources/BSPVertex.uasset" 118
"../../../Engine/Content/EditorResources/BSPVertex.uexp" 119
"../../../Engine/Content/EditorResources/AudioIcons/S_AudioComponent_AutoActivate.uasset" 120
"../../../Engine/Content/EditorResources/AudioIcons/S_AudioComponent_AutoActivate.uexp" 121
"../../../Engine/Content/EditorResources/LightIcons/S_LightError.uasset" 122
"../../../Engine/Content/EditorResources/LightIcons/S_LightError.uexp" 123
"../../../Engine/Content/EditorResources/SequenceRecorder/RecordingIndicator.uasset" 124
"../../../Engine/Content/EditorResources/SequenceRecorder/RecordingIndicator.uexp" 125
"../../../Engine/Content/EditorResources/SequenceRecorder/Countdown.uasset" 126
"../../../Engine/Content/EditorResources/SequenceRecorder/Countdown.uexp" 127
"../../../Engine/Content/EngineDamageTypes/DmgTypeBP_Environmental.uasset" 128
"../../../Engine/Content/EngineDamageTypes/DmgTypeBP_Environmental.uexp" 129
"../../../Engine/Content/Functions/Engine_MaterialFunctions02/Utility/CameraDirectionVector.uasset" 130
"../../../Engine/Content/Functions/Engine_MaterialFunctions02/Utility/CameraDirectionVector.uexp" 131
"../../../Engine/Content/EngineDebugMaterials/VolumeToRender.uasset" 132
"../../../Engine/Content/EngineDebugMaterials/VolumeToRender.uexp" 133
"../../../Engine/Content/EngineDebugMaterials/M_VolumeRenderSphereTracePP.uasset" 134
"../../../Engine/Content/EngineDebugMaterials/M_VolumeRenderSphereTracePP.uexp" 135
"../../../Engine/Content/EngineDebugMaterials/M_SimpleUnlitTranslucent.uasset" 136
"../../../Engine/Content/EngineDebugMaterials/M_SimpleUnlitTranslucent.uexp" 137
"../../../Engine/Content/EngineDebugMaterials/DebugMeshMaterial.uasset" 138
"../../../Engine/Content/EngineDebugMaterials/DebugMeshMaterial.uexp" 139
"../../../Engine/Content/EngineDebugMaterials/DebugEditorMaterial.uasset" 140
"../../../Engine/Content/EngineDebugMaterials/DebugEditorMaterial.uexp" 141
"../../../Engine/Content/EngineFonts/Faces/RobotoLight.uexp" 142
"../../../Engine/Content/EngineFonts/Faces/RobotoLight.uasset" 143
"../../../Engine/Content/EngineFonts/Faces/RobotoLight.ufont" 144
"../../../Engine/Content/EngineFonts/Faces/RobotoBold.uexp" 145
"../../../Engine/Content/EngineFonts/Faces/RobotoBold.uasset" 146
"../../../Engine/Content/EngineFonts/Faces/RobotoBold.ufont" 147
"../../../Engine/Content/EngineFonts/Faces/RobotoRegular.uexp" 148
"../../../Engine/Content/EngineFonts/Faces/RobotoRegular.uasset" 149
"../../../Engine/Content/EngineFonts/Faces/RobotoRegular.ufont" 150
"../../../Engine/Content/EngineFonts/Faces/DroidSansFallback.uexp" 151
"../../../Engine/Content/EngineFonts/Faces/DroidSansFallback.uasset" 152
"../../../Engine/Content/EngineFonts/Faces/DroidSansFallback.ufont" 153
"../../../Engine/Content/EngineFonts/Faces/RobotoItalic.uexp" 154
"../../../Engine/Content/EngineFonts/Faces/RobotoItalic.uasset" 155
"../../../Engine/Content/EngineFonts/Faces/RobotoItalic.ufont" 156
"../../../Engine/Content/EngineFonts/Faces/RobotoBoldItalic.uexp" 157
"../../../Engine/Content/EngineFonts/Faces/RobotoBoldItalic.uasset" 158
"../../../Engine/Content/EngineFonts/Faces/RobotoBoldItalic.ufont" 159
"../../../Engine/Content/EngineFonts/Roboto.uasset" 160
"../../../Engine/Content/EngineFonts/Roboto.uexp" 161
"../../../Engine/Content/EngineResources/WhiteSquareTexture.uasset" 162
"../../../Engine/Content/EngineResources/WhiteSquareTexture.uexp" 163
"../../../Engine/Content/EngineMaterials/Widget3DPassThrough.uasset" 164
"../../../Engine/Content/EngineMaterials/Widget3DPassThrough.uexp" 165
"../../../Engine/Content/EngineMaterials/Widget3DPassThrough_Translucent.uasset" 166
"../../../Engine/Content/EngineMaterials/Widget3DPassThrough_Translucent.uexp" 167
"../../../Engine/Content/EngineMaterials/Widget3DPassThrough_Translucent_OneSided.uasset" 168
"../../../Engine/Content/EngineMaterials/Widget3DPassThrough_Translucent_OneSided.uexp" 169
"../../../Engine/Content/EngineMaterials/Widget3DPassThrough_Opaque.uasset" 170
"../../../Engine/Content/EngineMaterials/Widget3DPassThrough_Opaque.uexp" 171
"../../../Engine/Content/EngineMaterials/Widget3DPassThrough_Opaque_OneSided.uasset" 172
"../../../Engine/Content/EngineMaterials/Widget3DPassThrough_Opaque_OneSided.uexp" 173
"../../../Engine/Content/EngineMaterials/Widget3DPassThrough_Masked_OneSided.uasset" 174
"../../../Engine/Content/EngineMaterials/Widget3DPassThrough_Masked_OneSided.uexp" 175
"../../../Engine/Content/EngineMaterials/Widget3DPassThrough_Masked.uasset" 176
"../../../Engine/Content/EngineMaterials/Widget3DPassThrough_Masked.uexp" 177
"../../../Engine/Content/EngineMaterials/WeightMapPlaceholderTexture.uasset" 178
"../../../Engine/Content/EngineMaterials/WeightMapPlaceholderTexture.uexp" 179
"../../../Engine/Content/EngineMaterials/RemoveSurfaceMaterial.uasset" 180
"../../../Engine/Content/EngineMaterials/RemoveSurfaceMaterial.uexp" 181
"../../../Engine/Content/EngineMaterials/PreintegratedSkinBRDF.uasset" 182
"../../../Engine/Content/EngineMaterials/PreintegratedSkinBRDF.uexp" 183
"../../../Engine/Content/EngineMaterials/DefaultCalibrationGrayscale.uasset" 184
"../../../Engine/Content/EngineMaterials/DefaultCalibrationGrayscale.uexp" 185
"../../../Engine/Content/EngineMaterials/PPM_DefaultCalibrationGrayscale.uasset" 186
"../../../Engine/Content/EngineMaterials/PPM_DefaultCalibrationGrayscale.uexp" 187
"../../../Engine/Content/EngineMaterials/DefaultCalibrationColor.uasset" 188
"../../../Engine/Content/EngineMaterials/DefaultCalibrationColor.uexp" 189
"../../../Engine/Content/EngineMaterials/PPM_DefaultCalibrationColor.uasset" 190
"../../../Engine/Content/EngineMaterials/PPM_DefaultCalibrationColor.uexp" 191
"../../../Engine/Content/Functions/Engine_MaterialFunctions02/WorldPositionOffset/CameraOffset.uasset" 192
"../../../Engine/Content/Functions/Engine_MaterialFunctions02/WorldPositionOffset/CameraOffset.uexp" 193
"../../../Engine/Content/EngineMaterials/PhAT_JointLimitMaterial.uasset" 194
"../../../Engine/Content/EngineMaterials/PhAT_JointLimitMaterial.uexp" 195
"../../../Engine/Content/EngineMaterials/InvalidLightmapSettings.ubulk" 196
"../../../Engine/Content/EngineMaterials/InvalidLightmapSettings.uasset" 197
"../../../Engine/Content/EngineMaterials/InvalidLightmapSettings.uexp" 198
"../../../Engine/Content/EngineMaterials/M_InvalidLightmapSettings.uasset" 199
"../../../Engine/Content/EngineMaterials/M_InvalidLightmapSettings.uexp" 200
"../../../Engine/Content/EngineMaterials/MiniFont.uasset" 201
"../../../Engine/Content/EngineMaterials/MiniFont.uexp" 202
"../../../Engine/Content/EngineMaterials/Good64x64TilingNoiseHighFreq.uasset" 203
"../../../Engine/Content/EngineMaterials/Good64x64TilingNoiseHighFreq.uexp" 204
"../../../Engine/Content/EngineMaterials/GizmoMaterial.uasset" 205
"../../../Engine/Content/EngineMaterials/GizmoMaterial.uexp" 206
"../../../Engine/Content/EngineMaterials/BaseFlattenEmissiveMap_VT.uasset" 207
"../../../Engine/Content/EngineMaterials/BaseFlattenEmissiveMap_VT.uexp" 208
"../../../Engine/Content/EngineMaterials/BaseFlattenGrayscaleMap_VT.uasset" 209
"../../../Engine/Content/EngineMaterials/BaseFlattenGrayscaleMap_VT.uexp" 210
"../../../Engine/Content/EngineMaterials/BaseFlattenLinearColor_VT.uasset" 211
"../../../Engine/Content/EngineMaterials/BaseFlattenLinearColor_VT.uexp" 212
"../../../Engine/Content/EngineMaterials/Black_1x1_EXR_Texture_VT.uasset" 213
"../../../Engine/Content/EngineMaterials/Black_1x1_EXR_Texture_VT.uexp" 214
"../../../Engine/Content/EngineMaterials/BaseFlattenDiffuseMap_VT.uasset" 215
"../../../Engine/Content/EngineMaterials/BaseFlattenDiffuseMap_VT.uexp" 216
"../../../Engine/Content/EngineMaterials/BaseFlattenNormalMap_VT.uasset" 217
"../../../Engine/Content/EngineMaterials/BaseFlattenNormalMap_VT.uexp" 218
"../../../Engine/Content/EngineMaterials/FlattenMaterial_WS_Normal_VT.uasset" 219
"../../../Engine/Content/EngineMaterials/FlattenMaterial_WS_Normal_VT.uexp" 220
"../../../Engine/Content/EngineMaterials/FlattenMaterial_VT.uasset" 221
"../../../Engine/Content/EngineMaterials/FlattenMaterial_VT.uexp" 222
"../../../Engine/Content/EngineMaterials/BaseFlattenNormalMap.uasset" 223
"../../../Engine/Content/EngineMaterials/BaseFlattenNormalMap.uexp" 224
"../../../Engine/Content/EngineMaterials/BaseFlattenGrayscaleMap.uasset" 225
"../../../Engine/Content/EngineMaterials/BaseFlattenGrayscaleMap.uexp" 226
"../../../Engine/Content/EngineMaterials/BaseFlattenDiffuseMap.uasset" 227
"../../../Engine/Content/EngineMaterials/BaseFlattenDiffuseMap.uexp" 228
"../../../Engine/Content/Functions/Engine_MaterialFunctions02/PivotPainter2/Black_1x1_EXR_Texture.uasset" 229
"../../../Engine/Content/Functions/Engine_MaterialFunctions02/PivotPainter2/Black_1x1_EXR_Texture.uexp" 230
"../../../Engine/Content/EngineMaterials/BaseFlattenEmissiveMap.uasset" 231
"../../../Engine/Content/EngineMaterials/BaseFlattenEmissiveMap.uexp" 232
"../../../Engine/Content/EngineMaterials/BaseFlattenLinearColor.uasset" 233
"../../../Engine/Content/EngineMaterials/BaseFlattenLinearColor.uexp" 234
"../../../Engine/Content/EngineMaterials/FlattenMaterial.uasset" 235
"../../../Engine/Content/EngineMaterials/FlattenMaterial.uexp" 236
"../../../Engine/Content/EngineMaterials/DefaultWhiteGrid_Low.uasset" 237
"../../../Engine/Content/EngineMaterials/DefaultWhiteGrid_Low.uexp" 238
"../../../Engine/Content/EngineMaterials/EmissiveMeshMaterial.uasset" 239
"../../../Engine/Content/EngineMaterials/EmissiveMeshMaterial.uexp" 240
"../../../Engine/Content/EngineMaterials/DefaultWhiteGrid.ubulk" 241
"../../../Engine/Content/EngineMaterials/DefaultWhiteGrid.uasset" 242
"../../../Engine/Content/EngineMaterials/DefaultWhiteGrid.uexp" 243
"../../../Engine/Content/EngineFonts/RobotoDistanceField.uasset" 244
"../../../Engine/Content/EngineFonts/RobotoDistanceField.uexp" 245
"../../../Engine/Content/EngineMaterials/DefaultTextMaterialOpaque.uasset" 246
"../../../Engine/Content/EngineMaterials/DefaultTextMaterialOpaque.uexp" 247
"../../../Engine/Content/EngineMaterials/DefaultDiffuse.ubulk" 248
"../../../Engine/Content/EngineMaterials/DefaultDiffuse.uasset" 249
"../../../Engine/Content/EngineMaterials/DefaultDiffuse.uexp" 250
"../../../Engine/Content/Functions/Engine_MaterialFunctions02/Utility/BreakOutFloat2Components.uasset" 251
"../../../Engine/Content/Functions/Engine_MaterialFunctions02/Utility/BreakOutFloat2Components.uexp" 252
"../../../Engine/Content/EngineMaterials/DefaultPostProcessMaterial.uasset" 253
"../../../Engine/Content/EngineMaterials/DefaultPostProcessMaterial.uexp" 254
"../../../Engine/Content/EngineMaterials/DefaultPhysicalMaterial.uasset" 255
"../../../Engine/Content/EngineMaterials/DefaultPhysicalMaterial.uexp" 256
"../../../Engine/Content/EngineMaterials/DefaultLightFunctionMaterial.uasset" 257
"../../../Engine/Content/EngineMaterials/DefaultLightFunctionMaterial.uexp" 258
"../../../Engine/Content/EngineMaterials/DefaultDestructiblePhysicalMaterial.uasset" 259
"../../../Engine/Content/EngineMaterials/DefaultDestructiblePhysicalMaterial.uexp" 260
"../../../Engine/Content/EngineMeshes/Sphere.ubulk" 261
"../../../Engine/Content/EngineMeshes/Sphere.uasset" 262
"../../../Engine/Content/EngineMeshes/Sphere.uexp" 263
"../../../Engine/Content/EngineMaterials/DefaultDeferredDecalMaterial.uasset" 264
"../../../Engine/Content/EngineMaterials/DefaultDeferredDecalMaterial.uexp" 265
"../../../Engine/Content/EngineMaterials/DefaultBokeh.uasset" 266
"../../../Engine/Content/EngineMaterials/DefaultBokeh.uexp" 267
"../../../Engine/Content/EngineMaterials/DefaultBloomKernel.uasset" 268
"../../../Engine/Content/EngineMaterials/DefaultBloomKernel.uexp" 269
"../../../Engine/Content/EngineMaterials/BlueNoise.uasset" 270
"../../../Engine/Content/EngineMaterials/BlueNoise.uexp" 271
"../../../Engine/Content/EngineResources/GradientTexture0.uasset" 272
"../../../Engine/Content/EngineResources/GradientTexture0.uexp" 273
"../../../Engine/Content/EngineResources/DefaultVolumeTexture2D.uasset" 274
"../../../Engine/Content/EngineResources/DefaultVolumeTexture2D.uexp" 275
"../../../Engine/Content/EngineResources/DefaultVolumeTexture.uasset" 276
"../../../Engine/Content/EngineResources/DefaultVolumeTexture.uexp" 277
"../../../Engine/Content/EngineResources/DefaultTextureCube.uasset" 278
"../../../Engine/Content/EngineResources/DefaultTextureCube.uexp" 279
"../../../Engine/Content/EngineResources/DefaultTexture.ubulk" 280
"../../../Engine/Content/EngineResources/DefaultTexture.uasset" 281
"../../../Engine/Content/EngineResources/DefaultTexture.uexp" 282
"../../../Engine/Content/EngineResources/Black.uasset" 283
"../../../Engine/Content/EngineResources/Black.uexp" 284
"../../../Engine/Content/EngineResources/FilmGrains/Marcie_Grain_v3_128_M2_000.uasset" 285
"../../../Engine/Content/EngineResources/FilmGrains/Marcie_Grain_v3_128_M2_000.uexp" 286
"../../../Engine/Content/EngineSky/VolumetricClouds/CloudWeatherTexture.uasset" 287
"../../../Engine/Content/EngineSky/VolumetricClouds/CloudWeatherTexture.uexp" 288
"../../../Engine/Content/Functions/Engine_MaterialFunctions02/Utility/MakeFloat2.uasset" 289
"../../../Engine/Content/Functions/Engine_MaterialFunctions02/Utility/MakeFloat2.uexp" 290
"../../../Engine/Content/EngineSky/VolumetricClouds/CloudGradientTexture.uasset" 291
"../../../Engine/Content/EngineSky/VolumetricClouds/CloudGradientTexture.uexp" 292
"../../../Engine/Content/EngineSky/VolumetricClouds/T_NoiseShape64.ubulk" 293
"../../../Engine/Content/EngineSky/VolumetricClouds/T_NoiseShape64.uasset" 294
"../../../Engine/Content/EngineSky/VolumetricClouds/T_NoiseShape64.uexp" 295
"../../../Engine/Content/EngineSky/VolumetricClouds/T_VolumeNoiseShape64.uasset" 296
"../../../Engine/Content/EngineSky/VolumetricClouds/T_VolumeNoiseShape64.uexp" 297
"../../../Engine/Content/EngineSky/VolumetricClouds/T_NoiseErosion.ubulk" 298
"../../../Engine/Content/EngineSky/VolumetricClouds/T_NoiseErosion.uasset" 299
"../../../Engine/Content/EngineSky/VolumetricClouds/T_NoiseErosion.uexp" 300
"../../../Engine/Content/EngineSky/VolumetricClouds/T_VolumeNoiseErosion32.uasset" 301
"../../../Engine/Content/EngineSky/VolumetricClouds/T_VolumeNoiseErosion32.uexp" 302
"../../../Engine/Content/EngineSky/VolumetricClouds/m_SimpleVolumetricCloud.uasset" 303
"../../../Engine/Content/EngineSky/VolumetricClouds/m_SimpleVolumetricCloud.uexp" 304
"../../../Engine/Content/EngineSky/VolumetricClouds/m_SimpleVolumetricCloud_Inst.uasset" 305
"../../../Engine/Content/EngineSky/VolumetricClouds/m_SimpleVolumetricCloud_Inst.uexp" 306
"../../../Engine/Content/EngineSounds/Master.uasset" 307
"../../../Engine/Content/EngineSounds/Master.uexp" 308
"../../../Engine/Content/Functions/Engine_MaterialFunctions01/Shading/PowerToRoughness.uasset" 309
"../../../Engine/Content/Functions/Engine_MaterialFunctions01/Shading/PowerToRoughness.uexp" 310
"../../../Engine/Content/Functions/Engine_MaterialFunctions01/Shading/ConvertFromDiffSpec.uasset" 311
"../../../Engine/Content/Functions/Engine_MaterialFunctions01/Shading/ConvertFromDiffSpec.uexp" 312
"../../../Engine/Content/MobileResources/HUD/VirtualJoystick_Background.uasset" 313
"../../../Engine/Content/MobileResources/HUD/VirtualJoystick_Background.uexp" 314
"../../../Engine/Content/MobileResources/HUD/VirtualJoystick_Thumb.uasset" 315
"../../../Engine/Content/MobileResources/HUD/VirtualJoystick_Thumb.uexp" 316
"../../../Engine/Content/MobileResources/HUD/DefaultVirtualJoysticks.uasset" 317
"../../../Engine/Content/MobileResources/HUD/DefaultVirtualJoysticks.uexp" 318
"../../../Engine/Content/Tutorial/ContentIntroCurve.uasset" 319
"../../../Engine/Content/Tutorial/ContentIntroCurve.uexp" 320
"../../../Engine/Content/VREditor/TransformGizmo/Main.uasset" 321
"../../../Engine/Content/VREditor/TransformGizmo/Main.uexp" 322
"../../../Engine/Content/VREditor/TransformGizmo/Xray.uasset" 323
"../../../Engine/Content/VREditor/TransformGizmo/Xray.uexp" 324
"../../../Engine/Content/VREditor/TransformGizmo/SM_Sequencer_Node.ubulk" 325
"../../../Engine/Content/VREditor/TransformGizmo/SM_Sequencer_Node.uasset" 326
"../../../Engine/Content/VREditor/TransformGizmo/SM_Sequencer_Node.uexp" 327
"../../../Engine/Content/VREditor/LaserPointer/VR_LaserPower_01.ubulk" 328
"../../../Engine/Content/VREditor/LaserPointer/VR_LaserPower_01.uasset" 329
"../../../Engine/Content/VREditor/LaserPointer/VR_LaserPower_01.uexp" 330
"../../../Engine/Content/VREditor/TransformGizmo/TransformGizmoMaterial.uasset" 331
"../../../Engine/Content/VREditor/TransformGizmo/TransformGizmoMaterial.uexp" 332
"../../../Engine/Content/VREditor/TransformGizmo/TranslucentTransformGizmoMaterial.uasset" 333
"../../../Engine/Content/VREditor/TransformGizmo/TranslucentTransformGizmoMaterial.uexp" 334
"../../../Engine/Content/VREditor/TransformGizmo/PlaneTranslationHandle.ubulk" 335
"../../../Engine/Content/VREditor/TransformGizmo/PlaneTranslationHandle.uasset" 336
"../../../Engine/Content/VREditor/TransformGizmo/PlaneTranslationHandle.uexp" 337
"../../../Engine/Content/VREditor/TransformGizmo/BoundingBoxEdge.ubulk" 338
"../../../Engine/Content/VREditor/TransformGizmo/BoundingBoxEdge.uasset" 339
"../../../Engine/Content/VREditor/TransformGizmo/BoundingBoxEdge.uexp" 340
"../../../Engine/Content/VREditor/TransformGizmo/BoundingBoxCorner.ubulk" 341
"../../../Engine/Content/VREditor/TransformGizmo/BoundingBoxCorner.uasset" 342
"../../../Engine/Content/VREditor/TransformGizmo/BoundingBoxCorner.uexp" 343
"../../../Engine/Plugins/2D/Paper2D/Content/PlaceholderTextures/DummySpriteTexture.ubulk" 344
"../../../Engine/Plugins/2D/Paper2D/Content/PlaceholderTextures/DummySpriteTexture.uasset" 345
"../../../Engine/Plugins/2D/Paper2D/Content/PlaceholderTextures/DummySpriteTexture.uexp" 346
"../../../Engine/Plugins/2D/Paper2D/Content/DefaultSpriteMaterial.uasset" 347
"../../../Engine/Plugins/2D/Paper2D/Content/DefaultSpriteMaterial.uexp" 348
"../../../Engine/Plugins/2D/Paper2D/Content/OpaqueUnlitSpriteMaterial.uasset" 349
"../../../Engine/Plugins/2D/Paper2D/Content/OpaqueUnlitSpriteMaterial.uexp" 350
"../../../Engine/Plugins/2D/Paper2D/Content/MaskedUnlitSpriteMaterial.uasset" 351
"../../../Engine/Plugins/2D/Paper2D/Content/MaskedUnlitSpriteMaterial.uexp" 352
"../../../Engine/Plugins/2D/Paper2D/Content/DummySprite.uasset" 353
"../../../Engine/Plugins/2D/Paper2D/Content/DummySprite.uexp" 354
"../../../Engine/Plugins/2D/Paper2D/Content/DefaultPaperTerrainMaterial.uasset" 355
"../../../Engine/Plugins/2D/Paper2D/Content/DefaultPaperTerrainMaterial.uexp" 356
"../../../Engine/Plugins/Animation/ControlRig/Content/M_Manip.uasset" 357
"../../../Engine/Plugins/Animation/ControlRig/Content/M_Manip.uexp" 358
"../../../Engine/Plugins/Animation/ControlRig/Content/Controls/DefaultGizmoLibraryNormalized.uasset" 359
"../../../Engine/Plugins/Animation/ControlRig/Content/Controls/DefaultGizmoLibraryNormalized.uexp" 360
"../../../Engine/Plugins/Animation/ControlRig/Content/Controls/ControlRig_Wedge_solid.ubulk" 361
"../../../Engine/Plugins/Animation/ControlRig/Content/Controls/ControlRig_Wedge_solid.uasset" 362
"../../../Engine/Plugins/Animation/ControlRig/Content/Controls/ControlRig_Wedge_solid.uexp" 363
"../../../Engine/Plugins/Animation/ControlRig/Content/Controls/ControlRig_Wedge_3mm.ubulk" 364
"../../../Engine/Plugins/Animation/ControlRig/Content/Controls/ControlRig_Wedge_3mm.uasset" 365
"../../../Engine/Plugins/Animation/ControlRig/Content/Controls/ControlRig_Wedge_3mm.uexp" 366
"../../../Engine/Plugins/Animation/ControlRig/Content/Controls/ControlRig_Wedge_1mm.ubulk" 367
"../../../Engine/Plugins/Animation/ControlRig/Content/Controls/ControlRig_Wedge_1mm.uasset" 368
"../../../Engine/Plugins/Animation/ControlRig/Content/Controls/ControlRig_Wedge_1mm.uexp" 369
"../../../Engine/Plugins/Animation/ControlRig/Content/Controls/ControlRig_Triangle_solid.ubulk" 370
"../../../Engine/Plugins/Animation/ControlRig/Content/Controls/ControlRig_Triangle_solid.uasset" 371
"../../../Engine/Plugins/Animation/ControlRig/Content/Controls/ControlRig_Triangle_solid.uexp" 372
"../../../Engine/Plugins/Animation/ControlRig/Content/Controls/ControlRig_Triangle_3mm.ubulk" 373
"../../../Engine/Plugins/Animation/ControlRig/Content/Controls/ControlRig_Triangle_3mm.uasset" 374
"../../../Engine/Plugins/Animation/ControlRig/Content/Controls/ControlRig_Triangle_3mm.uexp" 375
"../../../Engine/Plugins/Animation/ControlRig/Content/Controls/ControlRig_Triangle_1mm.ubulk" 376
"../../../Engine/Plugins/Animation/ControlRig/Content/Controls/ControlRig_Triangle_1mm.uasset" 377
"../../../Engine/Plugins/Animation/ControlRig/Content/Controls/ControlRig_Triangle_1mm.uexp" 378
"../../../Engine/Plugins/Animation/ControlRig/Content/Controls/ControlRig_Star4_solid.ubulk" 379
"../../../Engine/Plugins/Animation/ControlRig/Content/Controls/ControlRig_Star4_solid.uasset" 380
"../../../Engine/Plugins/Animation/ControlRig/Content/Controls/ControlRig_Star4_solid.uexp" 381
"../../../Engine/Plugins/Animation/ControlRig/Content/Controls/ControlRig_Star4_3mm.ubulk" 382
"../../../Engine/Plugins/Animation/ControlRig/Content/Controls/ControlRig_Star4_3mm.uasset" 383
"../../../Engine/Plugins/Animation/ControlRig/Content/Controls/ControlRig_Star4_3mm.uexp" 384
"../../../Engine/Plugins/Animation/ControlRig/Content/Controls/ControlRig_Star4_1mm.ubulk" 385
"../../../Engine/Plugins/Animation/ControlRig/Content/Controls/ControlRig_Star4_1mm.uasset" 386
"../../../Engine/Plugins/Animation/ControlRig/Content/Controls/ControlRig_Star4_1mm.uexp" 387
"../../../Engine/Plugins/Animation/ControlRig/Content/Controls/ControlRig_Square_solid.ubulk" 388
"../../../Engine/Plugins/Animation/ControlRig/Content/Controls/ControlRig_Square_solid.uasset" 389
"../../../Engine/Plugins/Animation/ControlRig/Content/Controls/ControlRig_Square_solid.uexp" 390
"../../../Engine/Plugins/Animation/ControlRig/Content/Controls/ControlRig_Square_3mm.ubulk" 391
"../../../Engine/Plugins/Animation/ControlRig/Content/Controls/ControlRig_Square_3mm.uasset" 392
"../../../Engine/Plugins/Animation/ControlRig/Content/Controls/ControlRig_Square_3mm.uexp" 393
"../../../Engine/Plugins/Animation/ControlRig/Content/Controls/ControlRig_Square_1mm.ubulk" 394
"../../../Engine/Plugins/Animation/ControlRig/Content/Controls/ControlRig_Square_1mm.uasset" 395
"../../../Engine/Plugins/Animation/ControlRig/Content/Controls/ControlRig_Square_1mm.uexp" 396
"../../../Engine/Plugins/Animation/ControlRig/Content/Controls/ControlRig_Sphere_solid.ubulk" 397
"../../../Engine/Plugins/Animation/ControlRig/Content/Controls/ControlRig_Sphere_solid.uasset" 398
"../../../Engine/Plugins/Animation/ControlRig/Content/Controls/ControlRig_Sphere_solid.uexp" 399
"../../../Engine/Plugins/Animation/ControlRig/Content/Controls/ControlRig_Sphere_3mm.ubulk" 400
"../../../Engine/Plugins/Animation/ControlRig/Content/Controls/ControlRig_Sphere_3mm.uasset" 401
"../../../Engine/Plugins/Animation/ControlRig/Content/Controls/ControlRig_Sphere_3mm.uexp" 402
"../../../Engine/Plugins/Animation/ControlRig/Content/Controls/ControlRig_Sphere_1mm.ubulk" 403
"../../../Engine/Plugins/Animation/ControlRig/Content/Controls/ControlRig_Sphere_1mm.uasset" 404
"../../../Engine/Plugins/Animation/ControlRig/Content/Controls/ControlRig_Sphere_1mm.uexp" 405
"../../../Engine/Plugins/Animation/ControlRig/Content/Controls/ControlRig_RoundedTriangle_solid.ubulk" 406
"../../../Engine/Plugins/Animation/ControlRig/Content/Controls/ControlRig_RoundedTriangle_solid.uasset" 407
"../../../Engine/Plugins/Animation/ControlRig/Content/Controls/ControlRig_RoundedTriangle_solid.uexp" 408
"../../../Engine/Plugins/Animation/ControlRig/Content/Controls/ControlRig_RoundedTriangle_3mm.ubulk" 409
"../../../Engine/Plugins/Animation/ControlRig/Content/Controls/ControlRig_RoundedTriangle_3mm.uasset" 410
"../../../Engine/Plugins/Animation/ControlRig/Content/Controls/ControlRig_RoundedTriangle_3mm.uexp" 411
"../../../Engine/Plugins/Animation/ControlRig/Content/Controls/ControlRig_RoundedTriangle_1mm.ubulk" 412
"../../../Engine/Plugins/Animation/ControlRig/Content/Controls/ControlRig_RoundedTriangle_1mm.uasset" 413
"../../../Engine/Plugins/Animation/ControlRig/Content/Controls/ControlRig_RoundedTriangle_1mm.uexp" 414
"../../../Engine/Plugins/Animation/ControlRig/Content/Controls/ControlRig_RoundedSquare_solid.ubulk" 415
"../../../Engine/Plugins/Animation/ControlRig/Content/Controls/ControlRig_RoundedSquare_solid.uasset" 416
"../../../Engine/Plugins/Animation/ControlRig/Content/Controls/ControlRig_RoundedSquare_solid.uexp" 417
"../../../Engine/Plugins/Animation/ControlRig/Content/Controls/ControlRig_RoundedSquare_3mm.ubulk" 418
"../../../Engine/Plugins/Animation/ControlRig/Content/Controls/ControlRig_RoundedSquare_3mm.uasset" 419
"../../../Engine/Plugins/Animation/ControlRig/Content/Controls/ControlRig_RoundedSquare_3mm.uexp" 420
"../../../Engine/Plugins/Animation/ControlRig/Content/Controls/ControlRig_RoundedSquare_1mm.ubulk" 421
"../../../Engine/Plugins/Animation/ControlRig/Content/Controls/ControlRig_RoundedSquare_1mm.uasset" 422
"../../../Engine/Plugins/Animation/ControlRig/Content/Controls/ControlRig_RoundedSquare_1mm.uexp" 423
"../../../Engine/Plugins/Animation/ControlRig/Content/Controls/ControlRig_QuarterCircle_solid.ubulk" 424
"../../../Engine/Plugins/Animation/ControlRig/Content/Controls/ControlRig_QuarterCircle_solid.uasset" 425
"../../../Engine/Plugins/Animation/ControlRig/Content/Controls/ControlRig_QuarterCircle_solid.uexp" 426
"../../../Engine/Plugins/Animation/ControlRig/Content/Controls/ControlRig_QuarterCircle_3mm.ubulk" 427
"../../../Engine/Plugins/Animation/ControlRig/Content/Controls/ControlRig_QuarterCircle_3mm.uasset" 428
"../../../Engine/Plugins/Animation/ControlRig/Content/Controls/ControlRig_QuarterCircle_3mm.uexp" 429
"../../../Engine/Plugins/Animation/ControlRig/Content/Controls/ControlRig_QuarterCircle_1mm.ubulk" 430
"../../../Engine/Plugins/Animation/ControlRig/Content/Controls/ControlRig_QuarterCircle_1mm.uasset" 431
"../../../Engine/Plugins/Animation/ControlRig/Content/Controls/ControlRig_QuarterCircle_1mm.uexp" 432
"../../../Engine/Plugins/Animation/ControlRig/Content/Controls/ControlRig_Pyramid_solid.ubulk" 433
"../../../Engine/Plugins/Animation/ControlRig/Content/Controls/ControlRig_Pyramid_solid.uasset" 434
"../../../Engine/Plugins/Animation/ControlRig/Content/Controls/ControlRig_Pyramid_solid.uexp" 435
"../../../Engine/Plugins/Animation/ControlRig/Content/Controls/ControlRig_Pyramid_3mm.ubulk" 436
"../../../Engine/Plugins/Animation/ControlRig/Content/Controls/ControlRig_Pyramid_3mm.uasset" 437
"../../../Engine/Plugins/Animation/ControlRig/Content/Controls/ControlRig_Pyramid_3mm.uexp" 438
"../../../Engine/Plugins/Animation/ControlRig/Content/Controls/ControlRig_Pyramid_1mm.ubulk" 439
"../../../Engine/Plugins/Animation/ControlRig/Content/Controls/ControlRig_Pyramid_1mm.uasset" 440
"../../../Engine/Plugins/Animation/ControlRig/Content/Controls/ControlRig_Pyramid_1mm.uexp" 441
"../../../Engine/Plugins/Animation/ControlRig/Content/Controls/ControlRig_Octagon_solid.ubulk" 442
"../../../Engine/Plugins/Animation/ControlRig/Content/Controls/ControlRig_Octagon_solid.uasset" 443
"../../../Engine/Plugins/Animation/ControlRig/Content/Controls/ControlRig_Octagon_solid.uexp" 444
"../../../Engine/Plugins/Animation/ControlRig/Content/Controls/ControlRig_Octagon_3mm.ubulk" 445
"../../../Engine/Plugins/Animation/ControlRig/Content/Controls/ControlRig_Octagon_3mm.uasset" 446
"../../../Engine/Plugins/Animation/ControlRig/Content/Controls/ControlRig_Octagon_3mm.uexp" 447
"../../../Engine/Plugins/Animation/ControlRig/Content/Controls/ControlRig_Octagon_1mm.ubulk" 448
"../../../Engine/Plugins/Animation/ControlRig/Content/Controls/ControlRig_Octagon_1mm.uasset" 449
"../../../Engine/Plugins/Animation/ControlRig/Content/Controls/ControlRig_Octagon_1mm.uexp" 450
"../../../Engine/Plugins/Animation/ControlRig/Content/Controls/ControlRig_Hexagon_solid.ubulk" 451
"../../../Engine/Plugins/Animation/ControlRig/Content/Controls/ControlRig_Hexagon_solid.uasset" 452
"../../../Engine/Plugins/Animation/ControlRig/Content/Controls/ControlRig_Hexagon_solid.uexp" 453
"../../../Engine/Plugins/Animation/ControlRig/Content/Controls/ControlRig_Hexagon_3mm.ubulk" 454
"../../../Engine/Plugins/Animation/ControlRig/Content/Controls/ControlRig_Hexagon_3mm.uasset" 455
"../../../Engine/Plugins/Animation/ControlRig/Content/Controls/ControlRig_Hexagon_3mm.uexp" 456
"../../../Engine/Plugins/Animation/ControlRig/Content/Controls/ControlRig_Hexagon_1mm.ubulk" 457
"../../../Engine/Plugins/Animation/ControlRig/Content/Controls/ControlRig_Hexagon_1mm.uasset" 458
"../../../Engine/Plugins/Animation/ControlRig/Content/Controls/ControlRig_Hexagon_1mm.uexp" 459
"../../../Engine/Plugins/Animation/ControlRig/Content/Controls/ControlRig_HalfCircle_solid.ubulk" 460
"../../../Engine/Plugins/Animation/ControlRig/Content/Controls/ControlRig_HalfCircle_solid.uasset" 461
"../../../Engine/Plugins/Animation/ControlRig/Content/Controls/ControlRig_HalfCircle_solid.uexp" 462
"../../../Engine/Plugins/Animation/ControlRig/Content/Controls/ControlRig_HalfCircle_3mm.ubulk" 463
"../../../Engine/Plugins/Animation/ControlRig/Content/Controls/ControlRig_HalfCircle_3mm.uasset" 464
"../../../Engine/Plugins/Animation/ControlRig/Content/Controls/ControlRig_HalfCircle_3mm.uexp" 465
"../../../Engine/Plugins/Animation/ControlRig/Content/Controls/ControlRig_HalfCircle_1mm.ubulk" 466
"../../../Engine/Plugins/Animation/ControlRig/Content/Controls/ControlRig_HalfCircle_1mm.uasset" 467
"../../../Engine/Plugins/Animation/ControlRig/Content/Controls/ControlRig_HalfCircle_1mm.uexp" 468
"../../../Engine/Plugins/Animation/ControlRig/Content/Controls/ControlRig_Diamond_solid.ubulk" 469
"../../../Engine/Plugins/Animation/ControlRig/Content/Controls/ControlRig_Diamond_solid.uasset" 470
"../../../Engine/Plugins/Animation/ControlRig/Content/Controls/ControlRig_Diamond_solid.uexp" 471
"../../../Engine/Plugins/Animation/ControlRig/Content/Controls/ControlRig_Diamond_3mm.ubulk" 472
"../../../Engine/Plugins/Animation/ControlRig/Content/Controls/ControlRig_Diamond_3mm.uasset" 473
"../../../Engine/Plugins/Animation/ControlRig/Content/Controls/ControlRig_Diamond_3mm.uexp" 474
"../../../Engine/Plugins/Animation/ControlRig/Content/Controls/ControlRig_Diamond_1mm.ubulk" 475
"../../../Engine/Plugins/Animation/ControlRig/Content/Controls/ControlRig_Diamond_1mm.uasset" 476
"../../../Engine/Plugins/Animation/ControlRig/Content/Controls/ControlRig_Diamond_1mm.uexp" 477
"../../../Engine/Plugins/Animation/ControlRig/Content/Controls/ControlRig_Circle_solid.ubulk" 478
"../../../Engine/Plugins/Animation/ControlRig/Content/Controls/ControlRig_Circle_solid.uasset" 479
"../../../Engine/Plugins/Animation/ControlRig/Content/Controls/ControlRig_Circle_solid.uexp" 480
"../../../Engine/Plugins/Animation/ControlRig/Content/Controls/ControlRig_Circle_3mm.ubulk" 481
"../../../Engine/Plugins/Animation/ControlRig/Content/Controls/ControlRig_Circle_3mm.uasset" 482
"../../../Engine/Plugins/Animation/ControlRig/Content/Controls/ControlRig_Circle_3mm.uexp" 483
"../../../Engine/Plugins/Animation/ControlRig/Content/Controls/ControlRig_Circle_1mm.ubulk" 484
"../../../Engine/Plugins/Animation/ControlRig/Content/Controls/ControlRig_Circle_1mm.uasset" 485
"../../../Engine/Plugins/Animation/ControlRig/Content/Controls/ControlRig_Circle_1mm.uexp" 486
"../../../Engine/Plugins/Animation/ControlRig/Content/Controls/ControlRig_Box_solid.ubulk" 487
"../../../Engine/Plugins/Animation/ControlRig/Content/Controls/ControlRig_Box_solid.uasset" 488
"../../../Engine/Plugins/Animation/ControlRig/Content/Controls/ControlRig_Box_solid.uexp" 489
"../../../Engine/Plugins/Animation/ControlRig/Content/Controls/ControlRig_Box_3mm.ubulk" 490
"../../../Engine/Plugins/Animation/ControlRig/Content/Controls/ControlRig_Box_3mm.uasset" 491
"../../../Engine/Plugins/Animation/ControlRig/Content/Controls/ControlRig_Box_3mm.uexp" 492
"../../../Engine/Plugins/Animation/ControlRig/Content/Controls/ControlRig_Box_1mm.ubulk" 493
"../../../Engine/Plugins/Animation/ControlRig/Content/Controls/ControlRig_Box_1mm.uasset" 494
"../../../Engine/Plugins/Animation/ControlRig/Content/Controls/ControlRig_Box_1mm.uexp" 495
"../../../Engine/Plugins/Animation/ControlRig/Content/Controls/ControlRig_Arrow_solid.ubulk" 496
"../../../Engine/Plugins/Animation/ControlRig/Content/Controls/ControlRig_Arrow_solid.uasset" 497
"../../../Engine/Plugins/Animation/ControlRig/Content/Controls/ControlRig_Arrow_solid.uexp" 498
"../../../Engine/Plugins/Animation/ControlRig/Content/Controls/ControlRig_Arrow_3mm.ubulk" 499
"../../../Engine/Plugins/Animation/ControlRig/Content/Controls/ControlRig_Arrow_3mm.uasset" 500
"../../../Engine/Plugins/Animation/ControlRig/Content/Controls/ControlRig_Arrow_3mm.uexp" 501
"../../../Engine/Plugins/Animation/ControlRig/Content/Controls/ControlRig_Arrow_1mm.ubulk" 502
"../../../Engine/Plugins/Animation/ControlRig/Content/Controls/ControlRig_Arrow_1mm.uasset" 503
"../../../Engine/Plugins/Animation/ControlRig/Content/Controls/ControlRig_Arrow_1mm.uexp" 504
"../../../Engine/Plugins/Animation/ControlRig/Content/Controls/ControlRig_Arrow4_solid.ubulk" 505
"../../../Engine/Plugins/Animation/ControlRig/Content/Controls/ControlRig_Arrow4_solid.uasset" 506
"../../../Engine/Plugins/Animation/ControlRig/Content/Controls/ControlRig_Arrow4_solid.uexp" 507
"../../../Engine/Plugins/Animation/ControlRig/Content/Controls/ControlRig_Arrow4_3mm.ubulk" 508
"../../../Engine/Plugins/Animation/ControlRig/Content/Controls/ControlRig_Arrow4_3mm.uasset" 509
"../../../Engine/Plugins/Animation/ControlRig/Content/Controls/ControlRig_Arrow4_3mm.uexp" 510
"../../../Engine/Plugins/Animation/ControlRig/Content/Controls/ControlRig_Arrow4_1mm.ubulk" 511
"../../../Engine/Plugins/Animation/ControlRig/Content/Controls/ControlRig_Arrow4_1mm.uasset" 512
"../../../Engine/Plugins/Animation/ControlRig/Content/Controls/ControlRig_Arrow4_1mm.uexp" 513
"../../../Engine/Plugins/Animation/ControlRig/Content/Controls/ControlRig_Arrow2_solid.ubulk" 514
"../../../Engine/Plugins/Animation/ControlRig/Content/Controls/ControlRig_Arrow2_solid.uasset" 515
"../../../Engine/Plugins/Animation/ControlRig/Content/Controls/ControlRig_Arrow2_solid.uexp" 516
"../../../Engine/Plugins/Animation/ControlRig/Content/Controls/ControlRig_Arrow2_3mm.ubulk" 517
"../../../Engine/Plugins/Animation/ControlRig/Content/Controls/ControlRig_Arrow2_3mm.uasset" 518
"../../../Engine/Plugins/Animation/ControlRig/Content/Controls/ControlRig_Arrow2_3mm.uexp" 519
"../../../Engine/Plugins/Animation/ControlRig/Content/Controls/ControlRig_Arrow2_1mm.ubulk" 520
"../../../Engine/Plugins/Animation/ControlRig/Content/Controls/ControlRig_Arrow2_1mm.uasset" 521
"../../../Engine/Plugins/Animation/ControlRig/Content/Controls/ControlRig_Arrow2_1mm.uexp" 522
"../../../Engine/Plugins/Animation/ControlRig/Content/Controls/ControlRigGizmoMaterial.uasset" 523
"../../../Engine/Plugins/Animation/ControlRig/Content/Controls/ControlRigGizmoMaterial.uexp" 524
"../../../Engine/Plugins/Editor/SpeedTreeImporter/Content/SpeedTree9/game_wind_noise.ubulk" 525
"../../../Engine/Plugins/Editor/SpeedTreeImporter/Content/SpeedTree9/game_wind_noise.uasset" 526
"../../../Engine/Plugins/Editor/SpeedTreeImporter/Content/SpeedTree9/game_wind_noise.uexp" 527
"../../../Engine/Plugins/Editor/SpeedTreeImporter/Content/SpeedTree9/UnpackDirection.uasset" 528
"../../../Engine/Plugins/Editor/SpeedTreeImporter/Content/SpeedTree9/UnpackDirection.uexp" 529
"../../../Engine/Content/Functions/Engine_MaterialFunctions02/ObjectLocalBounds.uasset" 530
"../../../Engine/Content/Functions/Engine_MaterialFunctions02/ObjectLocalBounds.uexp" 531
"../../../Engine/Content/Functions/Engine_MaterialFunctions02/UVs/BoundingBoxBased_0-1_UVW.uasset" 532
"../../../Engine/Content/Functions/Engine_MaterialFunctions02/UVs/BoundingBoxBased_0-1_UVW.uexp" 533
"../../../Engine/Content/Functions/Engine_MaterialFunctions02/Utility/VectorLength.uasset" 534
"../../../Engine/Content/Functions/Engine_MaterialFunctions02/Utility/VectorLength.uexp" 535
"../../../Engine/Plugins/Editor/SpeedTreeImporter/Content/SpeedTree9/UnpackInteger3.uasset" 536
"../../../Engine/Plugins/Editor/SpeedTreeImporter/Content/SpeedTree9/UnpackInteger3.uexp" 537
"../../../Engine/Plugins/Editor/SpeedTreeImporter/Content/SpeedTree9/SpeedTreeCameraFacing.uasset" 538
"../../../Engine/Plugins/Editor/SpeedTreeImporter/Content/SpeedTree9/SpeedTreeCameraFacing.uexp" 539
"../../../Engine/Content/Functions/Engine_MaterialFunctions02/WorldPositionOffset/ObjectScale.uasset" 540
"../../../Engine/Content/Functions/Engine_MaterialFunctions02/WorldPositionOffset/ObjectScale.uexp" 541
"../../../Engine/Content/Functions/Engine_MaterialFunctions02/SafeNormalize.uasset" 542
"../../../Engine/Content/Functions/Engine_MaterialFunctions02/SafeNormalize.uexp" 543
"../../../Engine/Plugins/Editor/SpeedTreeImporter/Content/SpeedTree9/SpeedTreeWindMotion.uasset" 544
"../../../Engine/Plugins/Editor/SpeedTreeImporter/Content/SpeedTree9/SpeedTreeWindMotion.uexp" 545
"../../../Engine/Plugins/Editor/SpeedTreeImporter/Content/SpeedTree9/SpeedTreeBranchMotion.uasset" 546
"../../../Engine/Plugins/Editor/SpeedTreeImporter/Content/SpeedTree9/SpeedTreeBranchMotion.uexp" 547
"../../../Engine/Plugins/Editor/SpeedTreeImporter/Content/SpeedTree9/SpeedTreeWind.uasset" 548
"../../../Engine/Plugins/Editor/SpeedTreeImporter/Content/SpeedTree9/SpeedTreeWind.uexp" 549
"../../../Engine/Plugins/Editor/SpeedTreeImporter/Content/SpeedTree9/EmptyNormal.uasset" 550
"../../../Engine/Plugins/Editor/SpeedTreeImporter/Content/SpeedTree9/EmptyNormal.uexp" 551
"../../../Engine/Plugins/Editor/SpeedTreeImporter/Content/SpeedTree9/Empty.uasset" 552
"../../../Engine/Plugins/Editor/SpeedTreeImporter/Content/SpeedTree9/Empty.uexp" 553
"../../../Engine/Plugins/Editor/SpeedTreeImporter/Content/SpeedTree9/SpeedTreeMaster.uasset" 554
"../../../Engine/Plugins/Editor/SpeedTreeImporter/Content/SpeedTree9/SpeedTreeMaster.uexp" 555
"../../../Engine/Plugins/Editor/SpeedTreeImporter/Content/SpeedTree9/SpeedTreeBillboard.uasset" 556
"../../../Engine/Plugins/Editor/SpeedTreeImporter/Content/SpeedTree9/SpeedTreeBillboard.uexp" 557
"../../../Engine/Plugins/Editor/SpeedTreeImporter/Content/SpeedTree9/SpeedTreeBillboardMaster.uasset" 558
"../../../Engine/Plugins/Editor/SpeedTreeImporter/Content/SpeedTree9/SpeedTreeBillboardMaster.uexp" 559
"../../../Engine/Plugins/MovieScene/MovieRenderPipeline/Content/Blueprints/UI_MovieRenderPipelineInfoTableRow.uasset" 560
"../../../Engine/Plugins/MovieScene/MovieRenderPipeline/Content/Blueprints/UI_MovieRenderPipelineInfoTableRow.uexp" 561
"../../../Engine/Content/ArtTools/RenderToTexture/Textures/127grey.uasset" 562
"../../../Engine/Content/ArtTools/RenderToTexture/Textures/127grey.uexp" 563
"../../../Engine/Plugins/MovieScene/MovieRenderPipeline/Content/Blueprints/M_MoviePipelineRenderPreview.uasset" 564
"../../../Engine/Plugins/MovieScene/MovieRenderPipeline/Content/Blueprints/M_MoviePipelineRenderPreview.uexp" 565
"../../../Engine/Plugins/MovieScene/MovieRenderPipeline/Content/Blueprints/UI_MovieRenderPipelineScreenOverlay.uasset" 566
"../../../Engine/Plugins/MovieScene/MovieRenderPipeline/Content/Blueprints/UI_MovieRenderPipelineScreenOverlay.uexp" 567
"../../../Engine/Content/EngineFonts/Faces/DroidSansMono.uexp" 568
"../../../Engine/Content/EngineFonts/Faces/DroidSansMono.uasset" 569
"../../../Engine/Content/EngineFonts/Faces/DroidSansMono.ufont" 570
"../../../Engine/Content/EngineFonts/DroidSansMono.uasset" 571
"../../../Engine/Content/EngineFonts/DroidSansMono.uexp" 572
"../../../Engine/Plugins/MovieScene/MovieRenderPipeline/Content/Blueprints/DefaultBurnIn.uasset" 573
"../../../Engine/Plugins/MovieScene/MovieRenderPipeline/Content/Blueprints/DefaultBurnIn.uexp" 574
"../../../Engine/Content/Functions/Engine_MaterialFunctions02/Utility/BreakOutFloat4Components.uasset" 575
"../../../Engine/Content/Functions/Engine_MaterialFunctions02/Utility/BreakOutFloat4Components.uexp" 576
"../../../Engine/Plugins/MovieScene/MovieRenderPipeline/Content/Materials/MovieRenderQueue_WorldDepth.uasset" 577
"../../../Engine/Plugins/MovieScene/MovieRenderPipeline/Content/Materials/MovieRenderQueue_WorldDepth.uexp" 578
"../../../Engine/Plugins/MovieScene/MovieRenderPipeline/Content/Materials/MovieRenderQueue_MotionVectors.uasset" 579
"../../../Engine/Plugins/MovieScene/MovieRenderPipeline/Content/Materials/MovieRenderQueue_MotionVectors.uexp" 580
"../../../Engine/Plugins/MovieScene/MovieRenderPipeline/Content/Materials/MoviePipeline_StencilCutout.uasset" 581
"../../../Engine/Plugins/MovieScene/MovieRenderPipeline/Content/Materials/MoviePipeline_StencilCutout.uexp" 582
"../../../Engine/Plugins/Runtime/HairStrands/Content/Materials/HairMeshesDefaultMaterial.uasset" 583
"../../../Engine/Plugins/Runtime/HairStrands/Content/Materials/HairMeshesDefaultMaterial.uexp" 584
"../../../Engine/Plugins/Runtime/HairStrands/Content/Materials/HairDefaultMaterial.uasset" 585
"../../../Engine/Plugins/Runtime/HairStrands/Content/Materials/HairDefaultMaterial.uexp" 586
"../../../Engine/Plugins/Runtime/HairStrands/Content/Materials/HairGroupColors.uasset" 587
"../../../Engine/Plugins/Runtime/HairStrands/Content/Materials/HairGroupColors.uexp" 588
"../../../Engine/Content/EngineMaterials/HairColorMap.uasset" 589
"../../../Engine/Content/EngineMaterials/HairColorMap.uexp" 590
"../../../Engine/Content/EngineMaterials/HairDebugColor.uasset" 591
"../../../Engine/Content/EngineMaterials/HairDebugColor.uexp" 592
"../../../Engine/Plugins/Runtime/HairStrands/Content/Materials/HairDebugMaterial.uasset" 593
"../../../Engine/Plugins/Runtime/HairStrands/Content/Materials/HairDebugMaterial.uexp" 594
"../../../Engine/Plugins/Runtime/HairStrands/Content/Materials/HairCardsDefaultMaterial.uasset" 595
"../../../Engine/Plugins/Runtime/HairStrands/Content/Materials/HairCardsDefaultMaterial.uexp" 596
"../../../Engine/Content/Maps/Entry_BuiltData.uasset" 597
"../../../Engine/Content/Maps/Entry_BuiltData.uexp" 598
"../../../Engine/Content/Maps/Entry.uexp" 599
"../../../Engine/Content/Maps/Entry.umap" 600
"../../../Engine/Content/Animation/DefaultAnimCurveCompressionSettings.uasset" 601
"../../../Engine/Content/Animation/DefaultAnimCurveCompressionSettings.uexp" 602
"C:/Users/conor/OneDrive/Documents/Unreal Projects/Greybox_CA_CC_Software_Eng_2023/Content/Characters/Alexy/Idle_Skeleton.uasset" 603
"C:/Users/conor/OneDrive/Documents/Unreal Projects/Greybox_CA_CC_Software_Eng_2023/Content/Characters/Alexy/Idle_Skeleton.uexp" 604
"../../../Engine/Content/Animation/DefaultAnimBoneCompressionSettings.uasset" 605
"../../../Engine/Content/Animation/DefaultAnimBoneCompressionSettings.uexp" 606
"C:/Users/conor/OneDrive/Documents/Unreal Projects/Greybox_CA_CC_Software_Eng_2023/Content/Characters/Alexy/Fast_Run.uasset" 607
"C:/Users/conor/OneDrive/Documents/Unreal Projects/Greybox_CA_CC_Software_Eng_2023/Content/Characters/Alexy/Fast_Run.uexp" 608
"C:/Users/conor/OneDrive/Documents/Unreal Projects/Greybox_CA_CC_Software_Eng_2023/Content/GoodSky/Resource/ArrowTool/SM_GoodSky_Moon.ubulk" 609
"C:/Users/conor/OneDrive/Documents/Unreal Projects/Greybox_CA_CC_Software_Eng_2023/Content/GoodSky/Resource/ArrowTool/SM_GoodSky_Moon.uasset" 610
"C:/Users/conor/OneDrive/Documents/Unreal Projects/Greybox_CA_CC_Software_Eng_2023/Content/GoodSky/Resource/ArrowTool/SM_GoodSky_Moon.uexp" 611
"C:/Users/conor/OneDrive/Documents/Unreal Projects/Greybox_CA_CC_Software_Eng_2023/Content/GoodSky/Resource/Data/Curve/Curve_GoodSky_SunLight.uasset" 612
"C:/Users/conor/OneDrive/Documents/Unreal Projects/Greybox_CA_CC_Software_Eng_2023/Content/GoodSky/Resource/Data/Curve/Curve_GoodSky_SunLight.uexp" 613
"C:/Users/conor/OneDrive/Documents/Unreal Projects/Greybox_CA_CC_Software_Eng_2023/Content/GoodSky/Resource/Data/Enum/Enum_GoodSky_Clouds_Coverage.uasset" 614
"C:/Users/conor/OneDrive/Documents/Unreal Projects/Greybox_CA_CC_Software_Eng_2023/Content/GoodSky/Resource/Data/Enum/Enum_GoodSky_Clouds_Coverage.uexp" 615
"C:/Users/conor/OneDrive/Documents/Unreal Projects/Greybox_CA_CC_Software_Eng_2023/Content/GoodSky/Resource/Textures/T_GoodSky_noise_smooth.ubulk" 616
"C:/Users/conor/OneDrive/Documents/Unreal Projects/Greybox_CA_CC_Software_Eng_2023/Content/GoodSky/Resource/Textures/T_GoodSky_noise_smooth.uasset" 617
"C:/Users/conor/OneDrive/Documents/Unreal Projects/Greybox_CA_CC_Software_Eng_2023/Content/GoodSky/Resource/Textures/T_GoodSky_noise_smooth.uexp" 618
"C:/Users/conor/OneDrive/Documents/Unreal Projects/Greybox_CA_CC_Software_Eng_2023/Content/GoodSky/Resource/Materials/Material_Function/MF_GoodSky_LightningFlick.uasset" 619
"C:/Users/conor/OneDrive/Documents/Unreal Projects/Greybox_CA_CC_Software_Eng_2023/Content/GoodSky/Resource/Materials/Material_Function/MF_GoodSky_LightningFlick.uexp" 620
"C:/Users/conor/OneDrive/Documents/Unreal Projects/Greybox_CA_CC_Software_Eng_2023/Content/GoodSky/Resource/Materials/Material_Function/MF_GoodSky_Time.uasset" 621
"C:/Users/conor/OneDrive/Documents/Unreal Projects/Greybox_CA_CC_Software_Eng_2023/Content/GoodSky/Resource/Materials/Material_Function/MF_GoodSky_Time.uexp" 622
"../../../Engine/Content/Functions/Engine_MaterialFunctions01/Gradient/LinearGradient.uasset" 623
"../../../Engine/Content/Functions/Engine_MaterialFunctions01/Gradient/LinearGradient.uexp" 624
"C:/Users/conor/OneDrive/Documents/Unreal Projects/Greybox_CA_CC_Software_Eng_2023/Content/GoodSky/Resource/Materials/Material_Function/MF_GoodSky_Top_Part_Alpha.uasset" 625
"C:/Users/conor/OneDrive/Documents/Unreal Projects/Greybox_CA_CC_Software_Eng_2023/Content/GoodSky/Resource/Materials/Material_Function/MF_GoodSky_Top_Part_Alpha.uexp" 626
"C:/Users/conor/OneDrive/Documents/Unreal Projects/Greybox_CA_CC_Software_Eng_2023/Content/GoodSky/Resource/Textures/T_GoodSky_clouds_F.ubulk" 627
"C:/Users/conor/OneDrive/Documents/Unreal Projects/Greybox_CA_CC_Software_Eng_2023/Content/GoodSky/Resource/Textures/T_GoodSky_clouds_F.uasset" 628
"C:/Users/conor/OneDrive/Documents/Unreal Projects/Greybox_CA_CC_Software_Eng_2023/Content/GoodSky/Resource/Textures/T_GoodSky_clouds_F.uexp" 629
"../../../Engine/Content/Functions/Engine_MaterialFunctions02/ExampleContent/DebugNumberStrip.uasset" 630
"../../../Engine/Content/Functions/Engine_MaterialFunctions02/ExampleContent/DebugNumberStrip.uexp" 631
"../../../Engine/Content/Functions/Engine_MaterialFunctions01/Texturing/ComputeMipLevel.uasset" 632
"../../../Engine/Content/Functions/Engine_MaterialFunctions01/Texturing/ComputeMipLevel.uexp" 633
"../../../Engine/Content/Functions/Engine_MaterialFunctions01/Texturing/TextureCropping.uasset" 634
"../../../Engine/Content/Functions/Engine_MaterialFunctions01/Texturing/TextureCropping.uexp" 635
"../../../Engine/Content/Functions/Engine_MaterialFunctions02/ExampleContent/Textures/DebugNumberPeriod.uasset" 636
"../../../Engine/Content/Functions/Engine_MaterialFunctions02/ExampleContent/Textures/DebugNumberPeriod.uexp" 637
"../../../Engine/Content/Functions/Engine_MaterialFunctions02/Utility/DebugScalarValues.uasset" 638
"../../../Engine/Content/Functions/Engine_MaterialFunctions02/Utility/DebugScalarValues.uexp" 639
"../../../Engine/Content/Functions/Engine_MaterialFunctions02/Utility/DebugFloat3Values.uasset" 640
"../../../Engine/Content/Functions/Engine_MaterialFunctions02/Utility/DebugFloat3Values.uexp" 641
"../../../Engine/Content/Functions/Engine_MaterialFunctions02/Math/RGBtoHSV.uasset" 642
"../../../Engine/Content/Functions/Engine_MaterialFunctions02/Math/RGBtoHSV.uexp" 643
"C:/Users/conor/OneDrive/Documents/Unreal Projects/Greybox_CA_CC_Software_Eng_2023/Content/GoodSky/Resource/Textures/T_GoodSky_Lightning.ubulk" 644
"C:/Users/conor/OneDrive/Documents/Unreal Projects/Greybox_CA_CC_Software_Eng_2023/Content/GoodSky/Resource/Textures/T_GoodSky_Lightning.uasset" 645
"C:/Users/conor/OneDrive/Documents/Unreal Projects/Greybox_CA_CC_Software_Eng_2023/Content/GoodSky/Resource/Textures/T_GoodSky_Lightning.uexp" 646
"../../../Engine/Content/Functions/Engine_MaterialFunctions01/Texturing/ScaleUVsAroundPoint.uasset" 647
"../../../Engine/Content/Functions/Engine_MaterialFunctions01/Texturing/ScaleUVsAroundPoint.uexp" 648
"C:/Users/conor/OneDrive/Documents/Unreal Projects/Greybox_CA_CC_Software_Eng_2023/Content/GoodSky/Resource/Materials/Material_Function/MF_GoodSky_SkyDomeAlpha.uasset" 649
"C:/Users/conor/OneDrive/Documents/Unreal Projects/Greybox_CA_CC_Software_Eng_2023/Content/GoodSky/Resource/Materials/Material_Function/MF_GoodSky_SkyDomeAlpha.uexp" 650
"C:/Users/conor/OneDrive/Documents/Unreal Projects/Greybox_CA_CC_Software_Eng_2023/Content/GoodSky/Resource/Textures/T_GoodSky_clouds_B.ubulk" 651
"C:/Users/conor/OneDrive/Documents/Unreal Projects/Greybox_CA_CC_Software_Eng_2023/Content/GoodSky/Resource/Textures/T_GoodSky_clouds_B.uasset" 652
"C:/Users/conor/OneDrive/Documents/Unreal Projects/Greybox_CA_CC_Software_Eng_2023/Content/GoodSky/Resource/Textures/T_GoodSky_clouds_B.uexp" 653
"C:/Users/conor/OneDrive/Documents/Unreal Projects/Greybox_CA_CC_Software_Eng_2023/Content/GoodSky/Resource/Textures/T_GoodSky_clouds_A.ubulk" 654
"C:/Users/conor/OneDrive/Documents/Unreal Projects/Greybox_CA_CC_Software_Eng_2023/Content/GoodSky/Resource/Textures/T_GoodSky_clouds_A.uasset" 655
"C:/Users/conor/OneDrive/Documents/Unreal Projects/Greybox_CA_CC_Software_Eng_2023/Content/GoodSky/Resource/Textures/T_GoodSky_clouds_A.uexp" 656
"C:/Users/conor/OneDrive/Documents/Unreal Projects/Greybox_CA_CC_Software_Eng_2023/Content/GoodSky/Resource/Textures/T_GoodSky_clouds_sphere.uasset" 657
"C:/Users/conor/OneDrive/Documents/Unreal Projects/Greybox_CA_CC_Software_Eng_2023/Content/GoodSky/Resource/Textures/T_GoodSky_clouds_sphere.uexp" 658
"C:/Users/conor/OneDrive/Documents/Unreal Projects/Greybox_CA_CC_Software_Eng_2023/Content/GoodSky/Resource/Materials/Material_Function/MF_GoodSky_Clouds_Setting.uasset" 659
"C:/Users/conor/OneDrive/Documents/Unreal Projects/Greybox_CA_CC_Software_Eng_2023/Content/GoodSky/Resource/Materials/Material_Function/MF_GoodSky_Clouds_Setting.uexp" 660
"../../../Engine/Content/Functions/Engine_MaterialFunctions01/ImageAdjustment/DeriveHDRfromLDR.uasset" 661
"../../../Engine/Content/Functions/Engine_MaterialFunctions01/ImageAdjustment/DeriveHDRfromLDR.uexp" 662
"C:/Users/conor/OneDrive/Documents/Unreal Projects/Greybox_CA_CC_Software_Eng_2023/Content/GoodSky/Resource/Materials/Material_Function/MF_GoodSky_Global_Setting.uasset" 663
"C:/Users/conor/OneDrive/Documents/Unreal Projects/Greybox_CA_CC_Software_Eng_2023/Content/GoodSky/Resource/Materials/Material_Function/MF_GoodSky_Global_Setting.uexp" 664
"C:/Users/conor/OneDrive/Documents/Unreal Projects/Greybox_CA_CC_Software_Eng_2023/Content/GoodSky/Resource/Materials/M_GoodSky_Storm.uasset" 665
"C:/Users/conor/OneDrive/Documents/Unreal Projects/Greybox_CA_CC_Software_Eng_2023/Content/GoodSky/Resource/Materials/M_GoodSky_Storm.uexp" 666
"C:/Users/conor/OneDrive/Documents/Unreal Projects/Greybox_CA_CC_Software_Eng_2023/Content/GoodSky/Resource/Data/Curve/Curve_GoodSky_SunDirection_Vector.uasset" 667
"C:/Users/conor/OneDrive/Documents/Unreal Projects/Greybox_CA_CC_Software_Eng_2023/Content/GoodSky/Resource/Data/Curve/Curve_GoodSky_SunDirection_Vector.uexp" 668
"C:/Users/conor/OneDrive/Documents/Unreal Projects/Greybox_CA_CC_Software_Eng_2023/Content/GoodSky/Resource/Data/Curve/Curve_GoodSky_horizon_Color.uasset" 669
"C:/Users/conor/OneDrive/Documents/Unreal Projects/Greybox_CA_CC_Software_Eng_2023/Content/GoodSky/Resource/Data/Curve/Curve_GoodSky_horizon_Color.uexp" 670
"C:/Users/conor/OneDrive/Documents/Unreal Projects/Greybox_CA_CC_Software_Eng_2023/Content/GoodSky/Resource/Data/Structure/Structure_GoodSky.uasset" 671
"C:/Users/conor/OneDrive/Documents/Unreal Projects/Greybox_CA_CC_Software_Eng_2023/Content/GoodSky/Resource/Data/Structure/Structure_GoodSky.uexp" 672
"C:/Users/conor/OneDrive/Documents/Unreal Projects/Greybox_CA_CC_Software_Eng_2023/Content/GoodSky/Resource/Data/DataTable/DataTable_GoodSky.uasset" 673
"C:/Users/conor/OneDrive/Documents/Unreal Projects/Greybox_CA_CC_Software_Eng_2023/Content/GoodSky/Resource/Data/DataTable/DataTable_GoodSky.uexp" 674
"C:/Users/conor/OneDrive/Documents/Unreal Projects/Greybox_CA_CC_Software_Eng_2023/Content/GoodSky/Resource/Textures/T_GoodSky_clouds_E.ubulk" 675
"C:/Users/conor/OneDrive/Documents/Unreal Projects/Greybox_CA_CC_Software_Eng_2023/Content/GoodSky/Resource/Textures/T_GoodSky_clouds_E.uasset" 676
"C:/Users/conor/OneDrive/Documents/Unreal Projects/Greybox_CA_CC_Software_Eng_2023/Content/GoodSky/Resource/Textures/T_GoodSky_clouds_E.uexp" 677
"C:/Users/conor/OneDrive/Documents/Unreal Projects/Greybox_CA_CC_Software_Eng_2023/Content/GoodSky/Resource/Data/Enum/Enum_GoodSky_Style_Clouds.uasset" 678
"C:/Users/conor/OneDrive/Documents/Unreal Projects/Greybox_CA_CC_Software_Eng_2023/Content/GoodSky/Resource/Data/Enum/Enum_GoodSky_Style_Clouds.uexp" 679
"C:/Users/conor/OneDrive/Documents/Unreal Projects/Greybox_CA_CC_Software_Eng_2023/Content/GoodSky/Resource/ArrowTool/M_GoodSky_Sun_Emissive.uasset" 680
"C:/Users/conor/OneDrive/Documents/Unreal Projects/Greybox_CA_CC_Software_Eng_2023/Content/GoodSky/Resource/ArrowTool/M_GoodSky_Sun_Emissive.uexp" 681
"C:/Users/conor/OneDrive/Documents/Unreal Projects/Greybox_CA_CC_Software_Eng_2023/Content/GoodSky/Resource/ArrowTool/SM_GoodSky_StarMesh.ubulk" 682
"C:/Users/conor/OneDrive/Documents/Unreal Projects/Greybox_CA_CC_Software_Eng_2023/Content/GoodSky/Resource/ArrowTool/SM_GoodSky_StarMesh.uasset" 683
"C:/Users/conor/OneDrive/Documents/Unreal Projects/Greybox_CA_CC_Software_Eng_2023/Content/GoodSky/Resource/ArrowTool/SM_GoodSky_StarMesh.uexp" 684
"C:/Users/conor/OneDrive/Documents/Unreal Projects/Greybox_CA_CC_Software_Eng_2023/Content/GoodSky/Resource/Data/Enum/Enum_GoodSky_MeshType.uasset" 685
"C:/Users/conor/OneDrive/Documents/Unreal Projects/Greybox_CA_CC_Software_Eng_2023/Content/GoodSky/Resource/Data/Enum/Enum_GoodSky_MeshType.uexp" 686
"C:/Users/conor/OneDrive/Documents/Unreal Projects/Greybox_CA_CC_Software_Eng_2023/Content/GoodSky/Resource/Textures/T_GoodSky_Stars.ubulk" 687
"C:/Users/conor/OneDrive/Documents/Unreal Projects/Greybox_CA_CC_Software_Eng_2023/Content/GoodSky/Resource/Textures/T_GoodSky_Stars.uasset" 688
"C:/Users/conor/OneDrive/Documents/Unreal Projects/Greybox_CA_CC_Software_Eng_2023/Content/GoodSky/Resource/Textures/T_GoodSky_Stars.uexp" 689
"C:/Users/conor/OneDrive/Documents/Unreal Projects/Greybox_CA_CC_Software_Eng_2023/Content/GoodSky/Resource/Materials/M_GoodSky_Sun_Stars.uasset" 690
"C:/Users/conor/OneDrive/Documents/Unreal Projects/Greybox_CA_CC_Software_Eng_2023/Content/GoodSky/Resource/Materials/M_GoodSky_Sun_Stars.uexp" 691
"C:/Users/conor/OneDrive/Documents/Unreal Projects/Greybox_CA_CC_Software_Eng_2023/Content/GoodSky/Resource/Data/Curve/Curve_GoodSky_BaseCloudColor.uasset" 692
"C:/Users/conor/OneDrive/Documents/Unreal Projects/Greybox_CA_CC_Software_Eng_2023/Content/GoodSky/Resource/Data/Curve/Curve_GoodSky_BaseCloudColor.uexp" 693
"C:/Users/conor/OneDrive/Documents/Unreal Projects/Greybox_CA_CC_Software_Eng_2023/Content/GoodSky/Resource/Data/Curve/Curve_GoodSky_Stars.uasset" 694
"C:/Users/conor/OneDrive/Documents/Unreal Projects/Greybox_CA_CC_Software_Eng_2023/Content/GoodSky/Resource/Data/Curve/Curve_GoodSky_Stars.uexp" 695
"C:/Users/conor/OneDrive/Documents/Unreal Projects/Greybox_CA_CC_Software_Eng_2023/Content/GoodSky/Resource/Materials/M_GoodSky_Base.uasset" 696
"C:/Users/conor/OneDrive/Documents/Unreal Projects/Greybox_CA_CC_Software_Eng_2023/Content/GoodSky/Resource/Materials/M_GoodSky_Base.uexp" 697
"C:/Users/conor/OneDrive/Documents/Unreal Projects/Greybox_CA_CC_Software_Eng_2023/Content/GoodSky/Resource/Mesh/SM_GoodSky_Sphere.ubulk" 698
"C:/Users/conor/OneDrive/Documents/Unreal Projects/Greybox_CA_CC_Software_Eng_2023/Content/GoodSky/Resource/Mesh/SM_GoodSky_Sphere.uasset" 699
"C:/Users/conor/OneDrive/Documents/Unreal Projects/Greybox_CA_CC_Software_Eng_2023/Content/GoodSky/Resource/Mesh/SM_GoodSky_Sphere.uexp" 700
"C:/Users/conor/OneDrive/Documents/Unreal Projects/Greybox_CA_CC_Software_Eng_2023/Content/GoodSky/Resource/Textures/T_GoodSky_clouds_C.ubulk" 701
"C:/Users/conor/OneDrive/Documents/Unreal Projects/Greybox_CA_CC_Software_Eng_2023/Content/GoodSky/Resource/Textures/T_GoodSky_clouds_C.uasset" 702
"C:/Users/conor/OneDrive/Documents/Unreal Projects/Greybox_CA_CC_Software_Eng_2023/Content/GoodSky/Resource/Textures/T_GoodSky_clouds_C.uexp" 703
"C:/Users/conor/OneDrive/Documents/Unreal Projects/Greybox_CA_CC_Software_Eng_2023/Content/GoodSky/Resource/Mesh/SM_GoodSky_Hemisphere.ubulk" 704
"C:/Users/conor/OneDrive/Documents/Unreal Projects/Greybox_CA_CC_Software_Eng_2023/Content/GoodSky/Resource/Mesh/SM_GoodSky_Hemisphere.uasset" 705
"C:/Users/conor/OneDrive/Documents/Unreal Projects/Greybox_CA_CC_Software_Eng_2023/Content/GoodSky/Resource/Mesh/SM_GoodSky_Hemisphere.uexp" 706
"../../../Engine/Content/BasicShapes/Sphere.ubulk" 707
"../../../Engine/Content/BasicShapes/Sphere.uasset" 708
"../../../Engine/Content/BasicShapes/Sphere.uexp" 709
"C:/Users/conor/OneDrive/Documents/Unreal Projects/Greybox_CA_CC_Software_Eng_2023/Content/GoodSky/Resource/Textures/T_GoodSky_Moon.uasset" 710
"C:/Users/conor/OneDrive/Documents/Unreal Projects/Greybox_CA_CC_Software_Eng_2023/Content/GoodSky/Resource/Textures/T_GoodSky_Moon.uexp" 711
"../../../Engine/Content/Functions/Engine_MaterialFunctions01/Density/ExponentialDensity.uasset" 712
"../../../Engine/Content/Functions/Engine_MaterialFunctions01/Density/ExponentialDensity.uexp" 713
"../../../Engine/Content/Functions/Engine_MaterialFunctions01/Gradient/RadialGradientExponential.uasset" 714
"../../../Engine/Content/Functions/Engine_MaterialFunctions01/Gradient/RadialGradientExponential.uexp" 715
"C:/Users/conor/OneDrive/Documents/Unreal Projects/Greybox_CA_CC_Software_Eng_2023/Content/GoodSky/Resource/Materials/Material_Function/MF_GoodSky_Moon_Setting.uasset" 716
"C:/Users/conor/OneDrive/Documents/Unreal Projects/Greybox_CA_CC_Software_Eng_2023/Content/GoodSky/Resource/Materials/Material_Function/MF_GoodSky_Moon_Setting.uexp" 717
"C:/Users/conor/OneDrive/Documents/Unreal Projects/Greybox_CA_CC_Software_Eng_2023/Content/GoodSky/Resource/Materials/M_GoodSky_Moon.uasset" 718
"C:/Users/conor/OneDrive/Documents/Unreal Projects/Greybox_CA_CC_Software_Eng_2023/Content/GoodSky/Resource/Materials/M_GoodSky_Moon.uexp" 719
"C:/Users/conor/OneDrive/Documents/Unreal Projects/Greybox_CA_CC_Software_Eng_2023/Content/GoodSky/Resource/Data/Curve/Curve_GoodSky_AllOverlayColor.uasset" 720
"C:/Users/conor/OneDrive/Documents/Unreal Projects/Greybox_CA_CC_Software_Eng_2023/Content/GoodSky/Resource/Data/Curve/Curve_GoodSky_AllOverlayColor.uexp" 721
"C:/Users/conor/OneDrive/Documents/Unreal Projects/Greybox_CA_CC_Software_Eng_2023/Content/GoodSky/Resource/Materials/M_GoodSky_Sun_Stars_Moon.uasset" 722
"C:/Users/conor/OneDrive/Documents/Unreal Projects/Greybox_CA_CC_Software_Eng_2023/Content/GoodSky/Resource/Materials/M_GoodSky_Sun_Stars_Moon.uexp" 723
"../../../Engine/Content/BasicShapes/Plane.ubulk" 724
"../../../Engine/Content/BasicShapes/Plane.uasset" 725
"../../../Engine/Content/BasicShapes/Plane.uexp" 726
"C:/Users/conor/OneDrive/Documents/Unreal Projects/Greybox_CA_CC_Software_Eng_2023/Content/GoodSky/Resource/Data/Enum/Enum_GoodSky_Effects.uasset" 727
"C:/Users/conor/OneDrive/Documents/Unreal Projects/Greybox_CA_CC_Software_Eng_2023/Content/GoodSky/Resource/Data/Enum/Enum_GoodSky_Effects.uexp" 728
"C:/Users/conor/OneDrive/Documents/Unreal Projects/Greybox_CA_CC_Software_Eng_2023/Content/GoodSky/Resource/Textures/T_GoodSky_clouds_D.ubulk" 729
"C:/Users/conor/OneDrive/Documents/Unreal Projects/Greybox_CA_CC_Software_Eng_2023/Content/GoodSky/Resource/Textures/T_GoodSky_clouds_D.uasset" 730
"C:/Users/conor/OneDrive/Documents/Unreal Projects/Greybox_CA_CC_Software_Eng_2023/Content/GoodSky/Resource/Textures/T_GoodSky_clouds_D.uexp" 731
"C:/Users/conor/OneDrive/Documents/Unreal Projects/Greybox_CA_CC_Software_Eng_2023/Content/GoodSky/Resource/ArrowTool/T_GoodSky_SkyRing.ubulk" 732
"C:/Users/conor/OneDrive/Documents/Unreal Projects/Greybox_CA_CC_Software_Eng_2023/Content/GoodSky/Resource/ArrowTool/T_GoodSky_SkyRing.uasset" 733
"C:/Users/conor/OneDrive/Documents/Unreal Projects/Greybox_CA_CC_Software_Eng_2023/Content/GoodSky/Resource/ArrowTool/T_GoodSky_SkyRing.uexp" 734
"C:/Users/conor/OneDrive/Documents/Unreal Projects/Greybox_CA_CC_Software_Eng_2023/Content/GoodSky/Resource/ArrowTool/M_GoodSky_SkyRing_.uasset" 735
"C:/Users/conor/OneDrive/Documents/Unreal Projects/Greybox_CA_CC_Software_Eng_2023/Content/GoodSky/Resource/ArrowTool/M_GoodSky_SkyRing_.uexp" 736
"C:/Users/conor/OneDrive/Documents/Unreal Projects/Greybox_CA_CC_Software_Eng_2023/Content/GoodSky/Resource/Data/Enum/Enum_SunDirection.uasset" 737
"C:/Users/conor/OneDrive/Documents/Unreal Projects/Greybox_CA_CC_Software_Eng_2023/Content/GoodSky/Resource/Data/Enum/Enum_SunDirection.uexp" 738
"../../../Engine/Content/EditorBlueprintResources/StandardMacros.uasset" 739
"../../../Engine/Content/EditorBlueprintResources/StandardMacros.uexp" 740
"C:/Users/conor/OneDrive/Documents/Unreal Projects/Greybox_CA_CC_Software_Eng_2023/Content/GoodSky/Resource/Data/Enum/Enum_GoodSky_Preset.uasset" 741
"C:/Users/conor/OneDrive/Documents/Unreal Projects/Greybox_CA_CC_Software_Eng_2023/Content/GoodSky/Resource/Data/Enum/Enum_GoodSky_Preset.uexp" 742
"C:/Users/conor/OneDrive/Documents/Unreal Projects/Greybox_CA_CC_Software_Eng_2023/Content/GoodSky/Resource/Data/Curve/Curve_GoodSky_DomeColor.uasset" 743
"C:/Users/conor/OneDrive/Documents/Unreal Projects/Greybox_CA_CC_Software_Eng_2023/Content/GoodSky/Resource/Data/Curve/Curve_GoodSky_DomeColor.uexp" 744
"C:/Users/conor/OneDrive/Documents/Unreal Projects/Greybox_CA_CC_Software_Eng_2023/Content/GoodSky/Blueprint/BP_GoodSky.uasset" 745
"C:/Users/conor/OneDrive/Documents/Unreal Projects/Greybox_CA_CC_Software_Eng_2023/Content/GoodSky/Blueprint/BP_GoodSky.uexp" 746
"C:/Users/conor/OneDrive/Documents/Unreal Projects/Greybox_CA_CC_Software_Eng_2023/Content/Materials/DEATH-RIS__1_.uasset" 747
"C:/Users/conor/OneDrive/Documents/Unreal Projects/Greybox_CA_CC_Software_Eng_2023/Content/Materials/DEATH-RIS__1_.uexp" 748
"C:/Users/conor/OneDrive/Documents/Unreal Projects/Greybox_CA_CC_Software_Eng_2023/Content/MainMenuMP.uasset" 749
"C:/Users/conor/OneDrive/Documents/Unreal Projects/Greybox_CA_CC_Software_Eng_2023/Content/MainMenuMP.uexp" 750
"C:/Users/conor/OneDrive/Documents/Unreal Projects/Greybox_CA_CC_Software_Eng_2023/Content/UI/Main_Menu.uasset" 751
"C:/Users/conor/OneDrive/Documents/Unreal Projects/Greybox_CA_CC_Software_Eng_2023/Content/UI/Main_Menu.uexp" 752
"C:/Users/conor/OneDrive/Documents/Unreal Projects/Greybox_CA_CC_Software_Eng_2023/Content/Music_and_Sounds/a-hero-of-the-80s-126684.ubulk" 753
"C:/Users/conor/OneDrive/Documents/Unreal Projects/Greybox_CA_CC_Software_Eng_2023/Content/Music_and_Sounds/a-hero-of-the-80s-126684.uasset" 754
"C:/Users/conor/OneDrive/Documents/Unreal Projects/Greybox_CA_CC_Software_Eng_2023/Content/Music_and_Sounds/a-hero-of-the-80s-126684.uexp" 755
"C:/Users/conor/OneDrive/Documents/Unreal Projects/Greybox_CA_CC_Software_Eng_2023/Content/Music_and_Sounds/a-hero-of-the-80s-126684_Cue.uasset" 756
"C:/Users/conor/OneDrive/Documents/Unreal Projects/Greybox_CA_CC_Software_Eng_2023/Content/Music_and_Sounds/a-hero-of-the-80s-126684_Cue.uexp" 757
"C:/Users/conor/OneDrive/Documents/Unreal Projects/Greybox_CA_CC_Software_Eng_2023/Content/Characters/Alexy/Skin.uasset" 758
"C:/Users/conor/OneDrive/Documents/Unreal Projects/Greybox_CA_CC_Software_Eng_2023/Content/Characters/Alexy/Skin.uexp" 759
"C:/Users/conor/OneDrive/Documents/Unreal Projects/Greybox_CA_CC_Software_Eng_2023/Content/Characters/Alexy/Overalls.uasset" 760
"C:/Users/conor/OneDrive/Documents/Unreal Projects/Greybox_CA_CC_Software_Eng_2023/Content/Characters/Alexy/Overalls.uexp" 761
"C:/Users/conor/OneDrive/Documents/Unreal Projects/Greybox_CA_CC_Software_Eng_2023/Content/Characters/Alexy/Eye_White.uasset" 762
"C:/Users/conor/OneDrive/Documents/Unreal Projects/Greybox_CA_CC_Software_Eng_2023/Content/Characters/Alexy/Eye_White.uexp" 763
"C:/Users/conor/OneDrive/Documents/Unreal Projects/Greybox_CA_CC_Software_Eng_2023/Content/Characters/Alexy/Shoes.uasset" 764
"C:/Users/conor/OneDrive/Documents/Unreal Projects/Greybox_CA_CC_Software_Eng_2023/Content/Characters/Alexy/Shoes.uexp" 765
"C:/Users/conor/OneDrive/Documents/Unreal Projects/Greybox_CA_CC_Software_Eng_2023/Content/Characters/Alexy/Mouth.uasset" 766
"C:/Users/conor/OneDrive/Documents/Unreal Projects/Greybox_CA_CC_Software_Eng_2023/Content/Characters/Alexy/Mouth.uexp" 767
"C:/Users/conor/OneDrive/Documents/Unreal Projects/Greybox_CA_CC_Software_Eng_2023/Content/Characters/Alexy/Idle_PhysicsAsset.uasset" 768
"C:/Users/conor/OneDrive/Documents/Unreal Projects/Greybox_CA_CC_Software_Eng_2023/Content/Characters/Alexy/Idle_PhysicsAsset.uexp" 769
"C:/Users/conor/OneDrive/Documents/Unreal Projects/Greybox_CA_CC_Software_Eng_2023/Content/Characters/Alexy/Eye_Black.uasset" 770
"C:/Users/conor/OneDrive/Documents/Unreal Projects/Greybox_CA_CC_Software_Eng_2023/Content/Characters/Alexy/Eye_Black.uexp" 771
"C:/Users/conor/OneDrive/Documents/Unreal Projects/Greybox_CA_CC_Software_Eng_2023/Content/Characters/Alexy/Hard_Hat.uasset" 772
"C:/Users/conor/OneDrive/Documents/Unreal Projects/Greybox_CA_CC_Software_Eng_2023/Content/Characters/Alexy/Hard_Hat.uexp" 773
"C:/Users/conor/OneDrive/Documents/Unreal Projects/Greybox_CA_CC_Software_Eng_2023/Content/Characters/Alexy/Idle.uasset" 774
"C:/Users/conor/OneDrive/Documents/Unreal Projects/Greybox_CA_CC_Software_Eng_2023/Content/Characters/Alexy/Idle.uexp" 775
"C:/Users/conor/OneDrive/Documents/Unreal Projects/Greybox_CA_CC_Software_Eng_2023/Content/UI/Menu_Game_Mode.uasset" 776
"C:/Users/conor/OneDrive/Documents/Unreal Projects/Greybox_CA_CC_Software_Eng_2023/Content/UI/Menu_Game_Mode.uexp" 777
"C:/Users/conor/OneDrive/Documents/Unreal Projects/Greybox_CA_CC_Software_Eng_2023/Content/Levels/Main_Menu.uexp" 778
"C:/Users/conor/OneDrive/Documents/Unreal Projects/Greybox_CA_CC_Software_Eng_2023/Content/Levels/Main_Menu.umap" 779
